app/build/intermediates/manifest_merge_blame_file/debug/manifest-merger-blame-debug-report.txt
1<?xml version="1.0" encoding="utf-8"?>
2<manifest xmlns:android="http://schemas.android.com/apk/res/android"
3    package="com.albee.spotlightnews"
4    android:versionCode="1"
5    android:versionName="1.0" >
6
7    <uses-sdk
8        android:minSdkVersion="23"
8-->src\main\AndroidManifest.xml
9        android:targetSdkVersion="30" />
9-->src\main\AndroidManifest.xml
10
11    <uses-permission android:name="android.permission.INTERNET" />
11-->src\main\AndroidManifest.xml:6:5-67
11-->src\main\AndroidManifest.xml:6:22-64
12
13    <application
13-->src\main\AndroidManifest.xml:8:5-28:19
14        android:allowBackup="true"
14-->src\main\AndroidManifest.xml:9:9-35
15        android:appComponentFactory="androidx.core.app.CoreComponentFactory"
15-->[androidx.core:core:1.3.2] AndroidManifest.xml:24:18-86
16        android:debuggable="true"
17        android:extractNativeLibs="false"
18        android:icon="@mipmap/ic_launcher_logo"
18-->src\main\AndroidManifest.xml:10:9-48
19        android:label="@string/app_name"
19-->src\main\AndroidManifest.xml:11:9-41
20        android:roundIcon="@mipmap/ic_launcher_logo_round"
20-->src\main\AndroidManifest.xml:12:9-59
21        android:supportsRtl="true"
21-->src\main\AndroidManifest.xml:13:9-35
22        android:testOnly="true"
23        android:theme="@style/AppTheme"
23-->src\main\AndroidManifest.xml:14:9-40
24        android:usesCleartextTraffic="true" >
24-->src\main\AndroidManifest.xml:15:9-44
25        <activity
25-->src\main\AndroidManifest.xml:17:9-19:40
26            android:name="com.albee.newsapp.activities.MainActivity"
26-->src\main\AndroidManifest.xml:18:13-52
27            android:exported="false" />
27-->src\main\AndroidManifest.xml:19:13-37
28        <activity android:name="com.albee.newsapp.activities.DetailNewsActivity" />
28-->src\main\AndroidManifest.xml:20:9-67
28-->src\main\AndroidManifest.xml:20:19-64
29        <activity android:name="com.albee.newsapp.SplashScreen" >
29-->src\main\AndroidManifest.xml:21:9-27:20
29-->src\main\AndroidManifest.xml:21:19-47
30            <intent-filter>
30-->src\main\AndroidManifest.xml:22:13-26:29
31                <action android:name="android.intent.action.MAIN" />
31-->src\main\AndroidManifest.xml:23:17-69
31-->src\main\AndroidManifest.xml:23:25-66
32
33                <category android:name="android.intent.category.LAUNCHER" />
33-->src\main\AndroidManifest.xml:25:17-77
33-->src\main\AndroidManifest.xml:25:27-74
34            </intent-filter>
35        </activity>
36    </application>
37
38</manifest>